<?xml version="1.0" encoding="UTF-8"?>
<testng-results ignored="4" total="6" passed="2" failed="0" skipped="0">
  <reporter-output>
  </reporter-output>
  <suite started-at="2022-10-04T16:20:18 GMT-07:00" name="Suite" finished-at="2022-10-04T16:20:18 GMT-07:00" duration-ms="60">
    <groups>
      <group name="regression1">
        <method signature="TestClass2.TC01()[pri:0, instance:TestClasses.TestClass2@48e4374]" name="TC01" class="TestClasses.TestClass2"/>
        <method signature="TestClass3.TC01()[pri:0, instance:TestClasses.TestClass3@2473d930]" name="TC01" class="TestClasses.TestClass3"/>
      </group> <!-- regression1 -->
    </groups>
    <test started-at="2022-10-04T16:20:18 GMT-07:00" name="Test" finished-at="2022-10-04T16:20:18 GMT-07:00" duration-ms="60">
      <class name="TestClasses.TestClass3">
        <test-method signature="TC01()[pri:0, instance:TestClasses.TestClass3@2473d930]" started-at="2022-10-04T16:20:18 GMT-07:00" name="TC01" finished-at="2022-10-04T16:20:18 GMT-07:00" duration-ms="11" status="PASS">
          <reporter-output>
          </reporter-output>
        </test-method> <!-- TC01 -->
      </class> <!-- TestClasses.TestClass3 -->
      <class name="TestClasses.TestClass2">
        <test-method signature="TC01()[pri:0, instance:TestClasses.TestClass2@48e4374]" started-at="2022-10-04T16:20:18 GMT-07:00" name="TC01" finished-at="2022-10-04T16:20:18 GMT-07:00" duration-ms="1" status="PASS">
          <reporter-output>
          </reporter-output>
        </test-method> <!-- TC01 -->
      </class> <!-- TestClasses.TestClass2 -->
    </test> <!-- Test -->
  </suite> <!-- Suite -->
</testng-results>
