<?xml version="1.0" encoding="UTF-8"?>
<!-- Generated by org.testng.reporters.JUnitXMLReporter -->
<testsuite ignored="4" hostname="DESKTOP-UO4710K" failures="0" tests="2" name="Test" time="0.06" errors="0" timestamp="2022-10-04T16:20:18 GMT-07:00">
  <testcase classname="TestClasses.TestClass3" name="TC01" time="0.011"/>
  <testcase classname="TestClasses.TestClass2" name="TC01" time="0.001"/>
  <testcase classname="TestClasses.TestClass2" name="TC03" time="0.0">
    <ignored/>
  </testcase> <!-- TC03 -->
  <testcase classname="TestClasses.TestClass3" name="TC03" time="0.0">
    <ignored/>
  </testcase> <!-- TC03 -->
  <testcase classname="TestClasses.TestClass3" name="TC02" time="0.0">
    <ignored/>
  </testcase> <!-- TC02 -->
  <testcase classname="TestClasses.TestClass2" name="TC02" time="0.0">
    <ignored/>
  </testcase> <!-- TC02 -->
</testsuite> <!-- Test -->
