<?xml version="1.0" encoding="UTF-8"?>
<!-- Generated by org.testng.reporters.JUnitXMLReporter -->
<testsuite ignored="0" hostname="DESKTOP-UO4710K" failures="0" tests="9" name="Testparallel" time="0.064" errors="0" timestamp="2022-09-29T12:06:05 GMT-07:00">
  <testcase classname="TestClasses.TestClass3" name="TC01" time="0.01"/>
  <testcase classname="TestClasses.TestClass3" name="TC02" time="0.002"/>
  <testcase classname="TestClasses.TestClass3" name="TC03" time="0.002"/>
  <testcase classname="TestClasses.TestClass2" name="TC01" time="0.002"/>
  <testcase classname="TestClasses.TestClass2" name="TC02" time="0.001"/>
  <testcase classname="TestClasses.TestClass2" name="TC03" time="0.001"/>
  <testcase classname="TestClasses.TectClass1" name="TC01" time="0.001"/>
  <testcase classname="TestClasses.TectClass1" name="TC02" time="0.001"/>
  <testcase classname="TestClasses.TectClass1" name="TC03" time="0.002"/>
</testsuite> <!-- Testparallel -->
